<?xml version="1.0" encoding="UTF-8"?>
<!-- Generated by org.testng.reporters.JUnitReportReporter -->
<testsuite hostname="DESKTOP-I5F2NBJ" failures="0" tests="1" name="in.sportyshoes.SportyShoesRestAssured.GetAllProducts" time="1.253" errors="0" timestamp="2023-08-24T13:27:26 IST" skipped="0">
  <testcase classname="in.sportyshoes.SportyShoesRestAssured.GetAllProducts" name="getAllProducts" time="1.253"/>
  <system-out/>
</testsuite> <!-- in.sportyshoes.SportyShoesRestAssured.GetAllProducts -->
