<?xml version="1.0" encoding="UTF-8"?>
<!-- Generated by org.testng.reporters.JUnitReportReporter -->
<testsuite hostname="DESKTOP-I5F2NBJ" failures="0" tests="1" name="in.sportyshoes.SportyShoesRestAssured.PostNewProduct" time="1.165" errors="0" timestamp="2023-08-24T13:28:45 IST" skipped="0">
  <testcase classname="in.sportyshoes.SportyShoesRestAssured.PostNewProduct" name="postNewProduct" time="1.165"/>
  <system-out/>
</testsuite> <!-- in.sportyshoes.SportyShoesRestAssured.PostNewProduct -->
