<?xml version="1.0" encoding="UTF-8"?>
<!-- Generated by org.testng.reporters.JUnitReportReporter -->
<testsuite hostname="DESKTOP-I5F2NBJ" failures="0" tests="1" name="in.sportyshoes.SportyShoesRestAssured.GetAllUsers" time="1.140" errors="0" timestamp="2023-08-24T13:28:07 IST" skipped="0">
  <testcase classname="in.sportyshoes.SportyShoesRestAssured.GetAllUsers" name="getAllUsers" time="1.140"/>
  <system-out/>
</testsuite> <!-- in.sportyshoes.SportyShoesRestAssured.GetAllUsers -->
