<?xml version="1.0" encoding="UTF-8"?>
<!-- Generated by org.testng.reporters.JUnitReportReporter -->
<testsuite hostname="DESKTOP-I5F2NBJ" failures="0" tests="1" name="in.sportyshoes.testscripts.placeOrder" time="24.093" errors="0" timestamp="2023-08-24T13:31:02 IST" skipped="0">
  <testcase classname="in.sportyshoes.testscripts.placeOrder" name="PlaceOrder" time="24.093"/>
</testsuite> <!-- in.sportyshoes.testscripts.placeOrder -->
