<?xml version="1.0" encoding="UTF-8"?>
<!-- Generated by org.testng.reporters.JUnitReportReporter -->
<testsuite hostname="DESKTOP-I5F2NBJ" failures="0" tests="1" name="in.sportyshoes.testscripts.RegisterTest" time="6.524" errors="0" timestamp="2023-08-24T09:22:19 IST" skipped="0">
  <testcase classname="in.sportyshoes.testscripts.RegisterTest" name="PlaceOrder" time="6.524"/>
</testsuite> <!-- in.sportyshoes.testscripts.RegisterTest -->
